Sep 14, 2023 7:03:04 AM runner.Base openBrowser
INFO: Browser Launched
Sep 14, 2023 7:03:05 AM runner.Base openBrowser
INFO: Browser Loaded the URL
Sep 14, 2023 7:03:06 AM runner.Testcase1 Register
INFO: Browser Navigated to the Register Page
Sep 14, 2023 7:03:07 AM runner.Testcase1 Register
INFO: Female Button clicked in the Register Page
Sep 14, 2023 7:03:08 AM runner.Testcase1 Register
INFO: First Name Entered in the Register Page
Sep 14, 2023 7:03:08 AM runner.Testcase1 Register
INFO: Last Name Entered in the Register Page
Sep 14, 2023 7:03:09 AM runner.Testcase1 Register
INFO: Email Entered in the Register Page
Sep 14, 2023 7:03:10 AM runner.Testcase1 Register
INFO: Password Entered in the Register Page
Sep 14, 2023 7:03:11 AM runner.Testcase1 Register
INFO: Confirm Password Entered in the Register Page
Sep 14, 2023 7:03:11 AM runner.Testcase1 Register
INFO: Screenshot taken in the Register Page
Sep 14, 2023 7:03:12 AM runner.Testcase1 Register
INFO: Register Button Clicked
Sep 14, 2023 7:03:13 AM runner.Testcase1 afterMethod
INFO: Browser closed
Sep 14, 2023 7:03:14 AM runner.Base openBrowser
INFO: Browser Launched
Sep 14, 2023 7:03:16 AM runner.Base openBrowser
INFO: Browser Loaded the URL
Sep 14, 2023 7:03:17 AM runner.Testcase1 Valid_Login_TC
INFO: username read from excel and entered in the field
Sep 14, 2023 7:03:18 AM runner.Testcase1 Valid_Login_TC
INFO: password read from excel and entered in the field
Sep 14, 2023 7:03:19 AM runner.Testcase1 Valid_Login_TC
INFO: Login Button Clicked
Sep 14, 2023 7:03:19 AM runner.Testcase1 Valid_Login_TC
INFO: Screenshot taken
Sep 14, 2023 7:03:19 AM runner.Testcase1 afterMethod
INFO: Browser closed
Sep 14, 2023 7:03:20 AM runner.Base openBrowser
INFO: Browser Launched
Sep 14, 2023 7:03:21 AM runner.Base openBrowser
INFO: Browser Loaded the URL
Sep 14, 2023 7:03:21 AM runner.Testcase1 TC_Vote_003
INFO: Test Started
Sep 14, 2023 7:03:25 AM runner.Testcase1 afterMethod
INFO: Browser closed
