Sep 14, 2023 7:03:25 AM runner.Base openBrowser
INFO: Browser Launched
Sep 14, 2023 7:03:27 AM runner.Base openBrowser
INFO: Browser Loaded the URL
Sep 14, 2023 7:03:28 AM runner.Testcase1 Register
INFO: Browser Navigated to the Register Page
Sep 14, 2023 7:03:28 AM runner.Testcase1 Register
INFO: Female Button clicked in the Register Page
Sep 14, 2023 7:03:28 AM runner.Testcase1 Register
INFO: First Name Entered in the Register Page
Sep 14, 2023 7:03:29 AM runner.Testcase1 Register
INFO: Last Name Entered in the Register Page
Sep 14, 2023 7:03:29 AM runner.Testcase1 Register
INFO: Email Entered in the Register Page
Sep 14, 2023 7:03:29 AM runner.Testcase1 Register
INFO: Password Entered in the Register Page
Sep 14, 2023 7:03:30 AM runner.Testcase1 Register
INFO: Confirm Password Entered in the Register Page
Sep 14, 2023 7:03:30 AM runner.Testcase1 Register
INFO: Screenshot taken in the Register Page
Sep 14, 2023 7:03:31 AM runner.Testcase1 Register
INFO: Register Button Clicked
Sep 14, 2023 7:03:31 AM runner.Testcase1 afterMethod
INFO: Browser closed
Sep 14, 2023 7:03:33 AM runner.Base openBrowser
INFO: Browser Launched
Sep 14, 2023 7:03:34 AM runner.Base openBrowser
INFO: Browser Loaded the URL
Sep 14, 2023 7:03:35 AM runner.Testcase1 Valid_Login_TC
INFO: username read from excel and entered in the field
Sep 14, 2023 7:03:35 AM runner.Testcase1 Valid_Login_TC
INFO: password read from excel and entered in the field
Sep 14, 2023 7:03:36 AM runner.Testcase1 Valid_Login_TC
INFO: Login Button Clicked
Sep 14, 2023 7:03:36 AM runner.Testcase1 Valid_Login_TC
INFO: Screenshot taken
Sep 14, 2023 7:03:36 AM runner.Testcase1 afterMethod
INFO: Browser closed
Sep 14, 2023 7:03:37 AM runner.Base openBrowser
INFO: Browser Launched
Sep 14, 2023 7:03:39 AM runner.Base openBrowser
INFO: Browser Loaded the URL
Sep 14, 2023 7:03:39 AM runner.Testcase1 TC_Vote_003
INFO: Test Started
Sep 14, 2023 7:03:41 AM runner.Testcase1 afterMethod
INFO: Browser closed
